<?xml version="1.0" encoding="UTF-8"?>
<robot generator="Robot 3.0.2 (Python 3.6.1 on win32)" generated="20170626 20:13:06.944">
<suite id="s1" name="Test" source="D:\FaX\python\TestExample\Tests\Test.robot">
<test id="s1-t1" name="Test case - eur to usd">
<kw name="Test usd">
<msg timestamp="20170626 20:13:07.025" level="FAIL">No keyword with name 'Test usd' found.</msg>
<status status="FAIL" starttime="20170626 20:13:07.025" endtime="20170626 20:13:07.026"></status>
</kw>
<status status="FAIL" starttime="20170626 20:13:07.022" endtime="20170626 20:13:07.026" critical="yes">No keyword with name 'Test usd' found.</status>
</test>
<doc>Simple Example</doc>
<status status="FAIL" starttime="20170626 20:13:06.947" endtime="20170626 20:13:07.027"></status>
</suite>
<statistics>
<total>
<stat pass="0" fail="1">Critical Tests</stat>
<stat pass="0" fail="1">All Tests</stat>
</total>
<tag>
</tag>
<suite>
<stat pass="0" fail="1" id="s1" name="Test">Test</stat>
</suite>
</statistics>
<errors>
<msg timestamp="20170626 20:13:07.020" level="ERROR">Error in file 'D:\FaX\python\TestExample\Tests\Test.robot': Test library 'Resources.ConverterLibrary.py' does not exist.</msg>
</errors>
</robot>
