<?xml version="1.0" encoding="UTF-8"?>
<robot generator="Robot 3.0.2 (Python 3.6.1 on win32)" generated="20170626 20:22:05.055">
<suite id="s1" name="Test" source="D:\FaX\python\TestExample\Resources\Test.robot">
<test id="s1-t1" name="Test case - eur to usd">
<kw name="Test Usd" library="ConverterLibrary">
<status status="PASS" starttime="20170626 20:22:05.113" endtime="20170626 20:22:05.113"></status>
</kw>
<kw name="Result Should Be" library="ConverterLibrary">
<arguments>
<arg>5</arg>
</arguments>
<msg timestamp="20170626 20:22:05.116" level="FAIL">5 != 5</msg>
<status status="FAIL" starttime="20170626 20:22:05.114" endtime="20170626 20:22:05.116"></status>
</kw>
<status status="FAIL" starttime="20170626 20:22:05.112" endtime="20170626 20:22:05.116" critical="yes">5 != 5</status>
</test>
<doc>Simple Example</doc>
<status status="FAIL" starttime="20170626 20:22:05.057" endtime="20170626 20:22:05.117"></status>
</suite>
<statistics>
<total>
<stat pass="0" fail="1">Critical Tests</stat>
<stat pass="0" fail="1">All Tests</stat>
</total>
<tag>
</tag>
<suite>
<stat pass="0" fail="1" id="s1" name="Test">Test</stat>
</suite>
</statistics>
<errors>
</errors>
</robot>
