<?xml version="1.0" encoding="UTF-8"?>
<robot generator="Robot 3.0.2 (Python 3.6.1 on win32)" generated="20170626 20:54:38.084">
<suite id="s1" name="Test" source="D:\FaX\python\TestExample\Tests\Test.robot">
<test id="s1-t1" name="Test case - eur to usd">
<kw name="Test Usd" library="ConverterLibrary">
<status status="PASS" starttime="20170626 20:54:38.165" endtime="20170626 20:54:38.166"></status>
</kw>
<kw name="Result Should Be" library="ConverterLibrary">
<arguments>
<arg>5.6000000000000005</arg>
</arguments>
<status status="PASS" starttime="20170626 20:54:38.166" endtime="20170626 20:54:38.167"></status>
</kw>
<status status="PASS" starttime="20170626 20:54:38.165" endtime="20170626 20:54:38.167" critical="yes"></status>
</test>
<test id="s1-t2" name="Test case - eur to mkd">
<kw name="Test Mkd" library="ConverterLibrary">
<status status="PASS" starttime="20170626 20:54:38.169" endtime="20170626 20:54:38.170"></status>
</kw>
<kw name="Result Should Be" library="ConverterLibrary">
<arguments>
<arg>308.45</arg>
</arguments>
<status status="PASS" starttime="20170626 20:54:38.170" endtime="20170626 20:54:38.170"></status>
</kw>
<status status="PASS" starttime="20170626 20:54:38.168" endtime="20170626 20:54:38.171" critical="yes"></status>
</test>
<test id="s1-t3" name="Test case - eur to chf">
<kw name="Test Chf" library="ConverterLibrary">
<status status="PASS" starttime="20170626 20:54:38.172" endtime="20170626 20:54:38.173"></status>
</kw>
<kw name="Result Should Be" library="ConverterLibrary">
<arguments>
<arg>5.45</arg>
</arguments>
<status status="PASS" starttime="20170626 20:54:38.174" endtime="20170626 20:54:38.174"></status>
</kw>
<status status="PASS" starttime="20170626 20:54:38.172" endtime="20170626 20:54:38.174" critical="yes"></status>
</test>
<test id="s1-t4" name="Test case - eur to dem">
<kw name="Test Dem" library="ConverterLibrary">
<status status="PASS" starttime="20170626 20:54:38.176" endtime="20170626 20:54:38.177"></status>
</kw>
<kw name="Result Should Be" library="ConverterLibrary">
<arguments>
<arg>9.6</arg>
</arguments>
<status status="PASS" starttime="20170626 20:54:38.177" endtime="20170626 20:54:38.177"></status>
</kw>
<status status="PASS" starttime="20170626 20:54:38.175" endtime="20170626 20:54:38.178" critical="yes"></status>
</test>
<doc>Simple Example</doc>
<status status="PASS" starttime="20170626 20:54:38.088" endtime="20170626 20:54:38.179"></status>
</suite>
<statistics>
<total>
<stat pass="4" fail="0">Critical Tests</stat>
<stat pass="4" fail="0">All Tests</stat>
</total>
<tag>
</tag>
<suite>
<stat pass="4" fail="0" id="s1" name="Test">Test</stat>
</suite>
</statistics>
<errors>
</errors>
</robot>
